2025-09-01 21:01:04,081   INFO  ==================================================
2025-09-01 21:01:04,082   INFO  Progressive SCAB Training Started
2025-09-01 21:01:04,082   INFO  ==================================================
2025-09-01 21:01:04,082   INFO  Config: configs/monodgp_scab.yaml
2025-09-01 21:01:04,083   INFO  SCAB enabled: True
2025-09-01 21:01:04,083   INFO  SCAB reduction: 16
2025-09-01 21:01:07,044   INFO  ###################  Evaluation Only  ##################
2025-09-01 21:01:07,046   INFO  ==> Loading from checkpoint './outputs/monodgp_scab/scab_lr0.00002/checkpoint_best.pth'
2025-09-01 21:01:08,330   INFO  ==> Loaded all weights successfully
2025-09-01 21:01:08,330   INFO  ==> Done
2025-09-01 21:02:50,088   INFO  ==> Saving ...
2025-09-01 21:03:04,769   INFO  ==> Loading detections and GTs...
2025-09-01 21:03:19,948   INFO  ==> Evaluating (official) ...
2025-09-01 21:03:32,629   INFO  Car AP@0.70, 0.70, 0.70:
bbox AP:95.6586, 87.4179, 79.0238
bev  AP:41.9919, 33.2375, 28.3979
3d   AP:35.0137, 26.4213, 24.6354
aos  AP:94.45, 85.07, 76.36
Car AP_R40@0.70, 0.70, 0.70:
bbox AP:96.9647, 90.6355, 83.5877
bev  AP:41.0913, 29.6582, 26.0832
3d   AP:31.7563, 23.3136, 20.2814
aos  AP:95.72, 87.98, 80.40
Car AP@0.70, 0.50, 0.50:
bbox AP:95.6586, 87.4179, 79.0238
bev  AP:71.5364, 55.0872, 48.5323
3d   AP:65.6241, 52.4468, 46.9556
aos  AP:94.45, 85.07, 76.36
Car AP_R40@0.70, 0.50, 0.50:
bbox AP:96.9647, 90.6355, 83.5877
bev  AP:71.3745, 53.4931, 49.0039
3d   AP:67.4544, 50.2541, 45.8789
aos  AP:95.72, 87.98, 80.40

