2025-09-05 16:21:38,821   INFO  ==================================================
2025-09-05 16:21:38,821   INFO  Progressive SCAB Training Started
2025-09-05 16:21:38,821   INFO  ==================================================
2025-09-05 16:21:38,821   INFO  Config: configs/monodgp_scab.yaml
2025-09-05 16:21:38,821   INFO  SCAB enabled: True
2025-09-05 16:21:38,822   INFO  SCAB reduction: 16
2025-09-05 16:21:40,737   INFO  ###################  Evaluation Only  ##################
2025-09-05 16:21:40,738   INFO  ==> Loading from checkpoint './outputs/monodgp_scab/scab_lr0.00002/checkpoint_best.pth'
2025-09-05 16:21:42,068   INFO  ==> Loaded all weights successfully
2025-09-05 16:21:42,069   INFO  ==> Done
2025-09-05 16:23:18,825   INFO  ==> Saving ...
2025-09-05 16:23:30,409   INFO  ==> Loading detections and GTs...
2025-09-05 16:23:46,870   INFO  ==> Evaluating (official) ...
2025-09-05 16:23:58,171   INFO  Car AP@0.70, 0.70, 0.70:
bbox AP:96.1794, 87.5565, 79.1833
bev  AP:41.5848, 32.9402, 28.3655
3d   AP:36.4118, 26.9015, 24.9308
aos  AP:94.61, 84.77, 76.12
Car AP_R40@0.70, 0.70, 0.70:
bbox AP:97.2192, 90.7810, 83.7389
bev  AP:40.4373, 29.4408, 25.8301
3d   AP:32.8168, 23.7886, 20.5360
aos  AP:95.62, 87.65, 80.11
Car AP@0.70, 0.50, 0.50:
bbox AP:96.1794, 87.5565, 79.1833
bev  AP:71.6602, 55.3578, 48.7065
3d   AP:65.6570, 52.5192, 47.1569
aos  AP:94.61, 84.77, 76.12
Car AP_R40@0.70, 0.50, 0.50:
bbox AP:97.2192, 90.7810, 83.7389
bev  AP:71.7145, 54.9305, 49.2708
3d   AP:67.7437, 50.4161, 46.0492
aos  AP:95.62, 87.65, 80.11

